<?xml version="1.0" encoding="UTF-8"?>
<testsuite name="IsogramTest" tests="13" skipped="0" failures="0" errors="0" timestamp="2020-05-14T16:34:09" hostname="PGAUG001483L" time="0.013">
  <properties/>
  <testcase name="test[0: isogram() = true]" classname="IsogramTest" time="0.009"/>
  <testcase name="test[1: isogram(isogram) = true]" classname="IsogramTest" time="0.002"/>
  <testcase name="test[2: isogram(eleven) = false]" classname="IsogramTest" time="0.0"/>
  <testcase name="test[3: isogram(zzyzx) = false]" classname="IsogramTest" time="0.0"/>
  <testcase name="test[4: isogram(subdermatoglyphic) = true]" classname="IsogramTest" time="0.0"/>
  <testcase name="test[5: isogram(Alphabet) = false]" classname="IsogramTest" time="0.0"/>
  <testcase name="test[6: isogram(alphAbet) = false]" classname="IsogramTest" time="0.0"/>
  <testcase name="test[7: isogram(thumbscrew-japingly) = true]" classname="IsogramTest" time="0.0"/>
  <testcase name="test[8: isogram(thumbscrew-jappingly) = false]" classname="IsogramTest" time="0.0"/>
  <testcase name="test[9: isogram(six-year-old) = true]" classname="IsogramTest" time="0.0"/>
  <testcase name="test[10: isogram(Emily Jung Schwartzkopf) = true]" classname="IsogramTest" time="0.0"/>
  <testcase name="test[11: isogram(accentor) = false]" classname="IsogramTest" time="0.0"/>
  <testcase name="test[12: isogram(angola) = false]" classname="IsogramTest" time="0.001"/>
  <system-out><![CDATA[]]></system-out>
  <system-err><![CDATA[]]></system-err>
</testsuite>
